Sender: LSF System <lsfadmin@lo-s4-075>
Subject: Job 16524258: <python3 inference.py Data/test_data_basic.txt Predictions/bart_test.csv -dt Pretrained_Models/bart-base/ -dm Models/bart-base_basic_small/checkpoint_1/ -v> in cluster <leonhard> Done

Job <python3 inference.py Data/test_data_basic.txt Predictions/bart_test.csv -dt Pretrained_Models/bart-base/ -dm Models/bart-base_basic_small/checkpoint_1/ -v> was submitted from host <lo-login-02> by user <haslebas> in cluster <leonhard> at Fri Jun 25 13:52:39 2021
Job was executed on host(s) <lo-s4-075>, in queue <gpu.4h>, as user <haslebas> in cluster <leonhard> at Fri Jun 25 13:52:45 2021
</cluster/home/haslebas> was used as the home directory.
</cluster/home/haslebas/CIL-Project-Text-Classification> was used as the working directory.
Started at Fri Jun 25 13:52:45 2021
Terminated at Fri Jun 25 13:53:11 2021
Results reported at Fri Jun 25 13:53:11 2021

Your job looked like:

------------------------------------------------------------
# LSBATCH: User input
python3 inference.py Data/test_data_basic.txt Predictions/bart_test.csv -dt Pretrained_Models/bart-base/ -dm Models/bart-base_basic_small/checkpoint_1/ -v
------------------------------------------------------------

Successfully completed.

Resource usage summary:

    CPU time :                                   22.77 sec.
    Max Memory :                                 3200 MB
    Average Memory :                             291.67 MB
    Total Requested Memory :                     8192.00 MB
    Delta Memory :                               4992.00 MB
    Max Swap :                                   -
    Max Processes :                              3
    Max Threads :                                5
    Run time :                                   21 sec.
    Turnaround time :                            32 sec.

The output (if any) follows:

reading data...
loading tokenizer...
inference...
writing output...
