Sender: LSF System <lsfadmin@lo-gtx-001>
Subject: Job 16513441: <python3 training.py Data/train_neg_basic.txt Data/train_pos_basic.txt Models/bart-base_basic_small -pm Pretrained_Models/bart-base/ -e 3> in cluster <leonhard> Done

Job <python3 training.py Data/train_neg_basic.txt Data/train_pos_basic.txt Models/bart-base_basic_small -pm Pretrained_Models/bart-base/ -e 3> was submitted from host <lo-login-02> by user <haslebas> in cluster <leonhard> at Fri Jun 25 00:12:05 2021
Job was executed on host(s) <lo-gtx-001>, in queue <gpu.4h>, as user <haslebas> in cluster <leonhard> at Fri Jun 25 00:12:32 2021
</cluster/home/haslebas> was used as the home directory.
</cluster/home/haslebas/CIL-Project-Text-Classification> was used as the working directory.
Started at Fri Jun 25 00:12:32 2021
Terminated at Fri Jun 25 01:45:40 2021
Results reported at Fri Jun 25 01:45:40 2021

Your job looked like:

------------------------------------------------------------
# LSBATCH: User input
python3 training.py Data/train_neg_basic.txt Data/train_pos_basic.txt Models/bart-base_basic_small -pm Pretrained_Models/bart-base/ -e 3
------------------------------------------------------------

Successfully completed.

Resource usage summary:

    CPU time :                                   5709.88 sec.
    Max Memory :                                 4905 MB
    Average Memory :                             3514.77 MB
    Total Requested Memory :                     8192.00 MB
    Delta Memory :                               3287.00 MB
    Max Swap :                                   -
    Max Processes :                              7
    Max Threads :                                32
    Run time :                                   5593 sec.
    Turnaround time :                            5615 sec.

The output (if any) follows:

accuracy: 0.82885
accuracy: 0.85455
accuracy: 0.85628
