Sender: LSF System <lsfadmin@lo-s4-035>
Subject: Job 16522581: <python3 preprocessing.py Data/train_neg_full.txt Data/train_neg_full_basic.txt> in cluster <leonhard> Done

Job <python3 preprocessing.py Data/train_neg_full.txt Data/train_neg_full_basic.txt> was submitted from host <lo-login-02> by user <haslebas> in cluster <leonhard> at Fri Jun 25 11:37:51 2021
Job was executed on host(s) <lo-s4-035>, in queue <gpu.4h>, as user <haslebas> in cluster <leonhard> at Fri Jun 25 11:38:19 2021
</cluster/home/haslebas> was used as the home directory.
</cluster/home/haslebas/CIL-Project-Text-Classification> was used as the working directory.
Started at Fri Jun 25 11:38:19 2021
Terminated at Fri Jun 25 11:42:21 2021
Results reported at Fri Jun 25 11:42:21 2021

Your job looked like:

------------------------------------------------------------
# LSBATCH: User input
python3 preprocessing.py Data/train_neg_full.txt Data/train_neg_full_basic.txt
------------------------------------------------------------

Successfully completed.

Resource usage summary:

    CPU time :                                   237.65 sec.
    Max Memory :                                 777 MB
    Average Memory :                             679.50 MB
    Total Requested Memory :                     8192.00 MB
    Delta Memory :                               7415.00 MB
    Max Swap :                                   -
    Max Processes :                              3
    Max Threads :                                5
    Run time :                                   264 sec.
    Turnaround time :                            270 sec.

The output (if any) follows:

number of tweets: 1250000
