Sender: LSF System <lsfadmin@lo-s4-020>
Subject: Job 16522580: <python3 preprocessing.py Data/train_pos_full.txt Data/train_pos_full_basic.txt> in cluster <leonhard> Done

Job <python3 preprocessing.py Data/train_pos_full.txt Data/train_pos_full_basic.txt> was submitted from host <lo-login-02> by user <haslebas> in cluster <leonhard> at Fri Jun 25 11:37:44 2021
Job was executed on host(s) <lo-s4-020>, in queue <gpu.4h>, as user <haslebas> in cluster <leonhard> at Fri Jun 25 11:37:50 2021
</cluster/home/haslebas> was used as the home directory.
</cluster/home/haslebas/CIL-Project-Text-Classification> was used as the working directory.
Started at Fri Jun 25 11:37:50 2021
Terminated at Fri Jun 25 11:41:23 2021
Results reported at Fri Jun 25 11:41:23 2021

Your job looked like:

------------------------------------------------------------
# LSBATCH: User input
python3 preprocessing.py Data/train_pos_full.txt Data/train_pos_full_basic.txt
------------------------------------------------------------

Successfully completed.

Resource usage summary:

    CPU time :                                   208.18 sec.
    Max Memory :                                 718 MB
    Average Memory :                             612.89 MB
    Total Requested Memory :                     8192.00 MB
    Delta Memory :                               7474.00 MB
    Max Swap :                                   -
    Max Processes :                              3
    Max Threads :                                5
    Run time :                                   236 sec.
    Turnaround time :                            219 sec.

The output (if any) follows:

number of tweets: 1250000
