Sender: LSF System <lsfadmin@lo-gtx-001>
Subject: Job 16513443: <python3 training.py Data/train_neg_basic.txt Data/train_pos_basic.txt Models/xlnet-base-uncased_basic_small -pm Pretrained_Models/xlnet-base-cased/ -e 3> in cluster <leonhard> Done

Job <python3 training.py Data/train_neg_basic.txt Data/train_pos_basic.txt Models/xlnet-base-uncased_basic_small -pm Pretrained_Models/xlnet-base-cased/ -e 3> was submitted from host <lo-login-02> by user <haslebas> in cluster <leonhard> at Fri Jun 25 00:15:28 2021
Job was executed on host(s) <lo-gtx-001>, in queue <gpu.4h>, as user <haslebas> in cluster <leonhard> at Fri Jun 25 00:15:33 2021
</cluster/home/haslebas> was used as the home directory.
</cluster/home/haslebas/CIL-Project-Text-Classification> was used as the working directory.
Started at Fri Jun 25 00:15:33 2021
Terminated at Fri Jun 25 01:40:22 2021
Results reported at Fri Jun 25 01:40:22 2021

Your job looked like:

------------------------------------------------------------
# LSBATCH: User input
python3 training.py Data/train_neg_basic.txt Data/train_pos_basic.txt Models/xlnet-base-uncased_basic_small -pm Pretrained_Models/xlnet-base-cased/ -e 3
------------------------------------------------------------

Successfully completed.

Resource usage summary:

    CPU time :                                   5268.76 sec.
    Max Memory :                                 4033 MB
    Average Memory :                             3083.24 MB
    Total Requested Memory :                     8192.00 MB
    Delta Memory :                               4159.00 MB
    Max Swap :                                   -
    Max Processes :                              7
    Max Threads :                                32
    Run time :                                   5088 sec.
    Turnaround time :                            5094 sec.

The output (if any) follows:

Asking to truncate to max_length but no maximum length is provided and the model has no predefined maximum length. Default to no truncation.
Asking to truncate to max_length but no maximum length is provided and the model has no predefined maximum length. Default to no truncation.
Asking to truncate to max_length but no maximum length is provided and the model has no predefined maximum length. Default to no truncation.
Asking to truncate to max_length but no maximum length is provided and the model has no predefined maximum length. Default to no truncation.
Asking to truncate to max_length but no maximum length is provided and the model has no predefined maximum length. Default to no truncation.
Asking to truncate to max_length but no maximum length is provided and the model has no predefined maximum length. Default to no truncation.
Asking to truncate to max_length but no maximum length is provided and the model has no predefined maximum length. Default to no truncation.
Asking to truncate to max_length but no maximum length is provided and the model has no predefined maximum length. Default to no truncation.
accuracy: 0.83970
Asking to truncate to max_length but no maximum length is provided and the model has no predefined maximum length. Default to no truncation.
Asking to truncate to max_length but no maximum length is provided and the model has no predefined maximum length. Default to no truncation.
Asking to truncate to max_length but no maximum length is provided and the model has no predefined maximum length. Default to no truncation.
Asking to truncate to max_length but no maximum length is provided and the model has no predefined maximum length. Default to no truncation.
Asking to truncate to max_length but no maximum length is provided and the model has no predefined maximum length. Default to no truncation.
Asking to truncate to max_length but no maximum length is provided and the model has no predefined maximum length. Default to no truncation.
Asking to truncate to max_length but no maximum length is provided and the model has no predefined maximum length. Default to no truncation.
Asking to truncate to max_length but no maximum length is provided and the model has no predefined maximum length. Default to no truncation.
accuracy: 0.84285
Asking to truncate to max_length but no maximum length is provided and the model has no predefined maximum length. Default to no truncation.
Asking to truncate to max_length but no maximum length is provided and the model has no predefined maximum length. Default to no truncation.
Asking to truncate to max_length but no maximum length is provided and the model has no predefined maximum length. Default to no truncation.
Asking to truncate to max_length but no maximum length is provided and the model has no predefined maximum length. Default to no truncation.
Asking to truncate to max_length but no maximum length is provided and the model has no predefined maximum length. Default to no truncation.
Asking to truncate to max_length but no maximum length is provided and the model has no predefined maximum length. Default to no truncation.
Asking to truncate to max_length but no maximum length is provided and the model has no predefined maximum length. Default to no truncation.
Asking to truncate to max_length but no maximum length is provided and the model has no predefined maximum length. Default to no truncation.
accuracy: 0.70473
